internal/modules/cjs/loader.js:818
  throw err;
  ^

Error: Cannot find module 'socket.io'
Require stack:
- /home/dm64056/repositories/whitebophirfor/server/sockets.js
- /home/dm64056/repositories/whitebophirfor/server/server.js
- /usr/local/lsws/fcgi-bin/lsnode.js
    at Function.Module._resolveFilename (internal/modules/cjs/loader.js:815:15)
    at Function.Module._load (internal/modules/cjs/loader.js:667:27)
    at Module.require (internal/modules/cjs/loader.js:887:19)
    at require (internal/modules/cjs/helpers.js:74:18)
    at Object.<anonymous> (/home/dm64056/repositories/whitebophirfor/server/sockets.js:1:13)
    at Module._compile (internal/modules/cjs/loader.js:999:30)
    at Object.Module._extensions..js (internal/modules/cjs/loader.js:1027:10)
    at Module.load (internal/modules/cjs/loader.js:863:32)
    at Function.Module._load (internal/modules/cjs/loader.js:708:14)
    at Module.require (internal/modules/cjs/loader.js:887:19) {
  code: 'MODULE_NOT_FOUND',
  requireStack: [
    '/home/dm64056/repositories/whitebophirfor/server/sockets.js',
    '/home/dm64056/repositories/whitebophirfor/server/server.js',
    '/usr/local/lsws/fcgi-bin/lsnode.js'
  ]
}
internal/modules/cjs/loader.js:818
  throw err;
  ^

Error: Cannot find module 'socket.io'
Require stack:
- /home/dm64056/repositories/whitebophirfor/server/sockets.js
- /home/dm64056/repositories/whitebophirfor/server/server.js
- /usr/local/lsws/fcgi-bin/lsnode.js
    at Function.Module._resolveFilename (internal/modules/cjs/loader.js:815:15)
    at Function.Module._load (internal/modules/cjs/loader.js:667:27)
    at Module.require (internal/modules/cjs/loader.js:887:19)
    at require (internal/modules/cjs/helpers.js:74:18)
    at Object.<anonymous> (/home/dm64056/repositories/whitebophirfor/server/sockets.js:1:13)
    at Module._compile (internal/modules/cjs/loader.js:999:30)
    at Object.Module._extensions..js (internal/modules/cjs/loader.js:1027:10)
    at Module.load (internal/modules/cjs/loader.js:863:32)
    at Function.Module._load (internal/modules/cjs/loader.js:708:14)
    at Module.require (internal/modules/cjs/loader.js:887:19) {
  code: 'MODULE_NOT_FOUND',
  requireStack: [
    '/home/dm64056/repositories/whitebophirfor/server/sockets.js',
    '/home/dm64056/repositories/whitebophirfor/server/server.js',
    '/usr/local/lsws/fcgi-bin/lsnode.js'
  ]
}
internal/modules/cjs/loader.js:818
  throw err;
  ^

Error: Cannot find module 'socket.io'
Require stack:
- /home/dm64056/repositories/whitebophirfor/server/sockets.js
- /home/dm64056/repositories/whitebophirfor/server/server.js
- /usr/local/lsws/fcgi-bin/lsnode.js
    at Function.Module._resolveFilename (internal/modules/cjs/loader.js:815:15)
    at Function.Module._load (internal/modules/cjs/loader.js:667:27)
    at Module.require (internal/modules/cjs/loader.js:887:19)
    at require (internal/modules/cjs/helpers.js:74:18)
    at Object.<anonymous> (/home/dm64056/repositories/whitebophirfor/server/sockets.js:1:13)
    at Module._compile (internal/modules/cjs/loader.js:999:30)
    at Object.Module._extensions..js (internal/modules/cjs/loader.js:1027:10)
    at Module.load (internal/modules/cjs/loader.js:863:32)
    at Function.Module._load (internal/modules/cjs/loader.js:708:14)
    at Module.require (internal/modules/cjs/loader.js:887:19) {
  code: 'MODULE_NOT_FOUND',
  requireStack: [
    '/home/dm64056/repositories/whitebophirfor/server/sockets.js',
    '/home/dm64056/repositories/whitebophirfor/server/server.js',
    '/usr/local/lsws/fcgi-bin/lsnode.js'
  ]
}
internal/modules/cjs/loader.js:818
  throw err;
  ^

Error: Cannot find module './db/db.js'
Require stack:
- /home/dm64056/repositories/whitebophirfor/server/boardData.js
- /home/dm64056/repositories/whitebophirfor/server/sockets.js
- /home/dm64056/repositories/whitebophirfor/server/server.js
- /usr/local/lsws/fcgi-bin/lsnode.js
    at Function.Module._resolveFilename (internal/modules/cjs/loader.js:815:15)
    at Function.Module._load (internal/modules/cjs/loader.js:667:27)
    at Module.require (internal/modules/cjs/loader.js:887:19)
    at require (internal/modules/cjs/helpers.js:74:18)
    at Object.<anonymous> (/home/dm64056/repositories/whitebophirfor/server/boardData.js:32:12)
    at Module._compile (internal/modules/cjs/loader.js:999:30)
    at Object.Module._extensions..js (internal/modules/cjs/loader.js:1027:10)
    at Module.load (internal/modules/cjs/loader.js:863:32)
    at Function.Module._load (internal/modules/cjs/loader.js:708:14)
    at Module.require (internal/modules/cjs/loader.js:887:19) {
  code: 'MODULE_NOT_FOUND',
  requireStack: [
    '/home/dm64056/repositories/whitebophirfor/server/boardData.js',
    '/home/dm64056/repositories/whitebophirfor/server/sockets.js',
    '/home/dm64056/repositories/whitebophirfor/server/server.js',
    '/usr/local/lsws/fcgi-bin/lsnode.js'
  ]
}
internal/modules/cjs/loader.js:818
  throw err;
  ^

Error: Cannot find module './db/db.js'
Require stack:
- /home/dm64056/repositories/whitebophirfor/server/boardData.js
- /home/dm64056/repositories/whitebophirfor/server/sockets.js
- /home/dm64056/repositories/whitebophirfor/server/server.js
- /usr/local/lsws/fcgi-bin/lsnode.js
    at Function.Module._resolveFilename (internal/modules/cjs/loader.js:815:15)
    at Function.Module._load (internal/modules/cjs/loader.js:667:27)
    at Module.require (internal/modules/cjs/loader.js:887:19)
    at require (internal/modules/cjs/helpers.js:74:18)
    at Object.<anonymous> (/home/dm64056/repositories/whitebophirfor/server/boardData.js:32:12)
    at Module._compile (internal/modules/cjs/loader.js:999:30)
    at Object.Module._extensions..js (internal/modules/cjs/loader.js:1027:10)
    at Module.load (internal/modules/cjs/loader.js:863:32)
    at Function.Module._load (internal/modules/cjs/loader.js:708:14)
    at Module.require (internal/modules/cjs/loader.js:887:19) {
  code: 'MODULE_NOT_FOUND',
  requireStack: [
    '/home/dm64056/repositories/whitebophirfor/server/boardData.js',
    '/home/dm64056/repositories/whitebophirfor/server/sockets.js',
    '/home/dm64056/repositories/whitebophirfor/server/server.js',
    '/usr/local/lsws/fcgi-bin/lsnode.js'
  ]
}
internal/modules/cjs/loader.js:818
  throw err;
  ^

Error: Cannot find module './db/db.js'
Require stack:
- /home/dm64056/repositories/whitebophirfor/server/boardData.js
- /home/dm64056/repositories/whitebophirfor/server/sockets.js
- /home/dm64056/repositories/whitebophirfor/server/server.js
- /usr/local/lsws/fcgi-bin/lsnode.js
    at Function.Module._resolveFilename (internal/modules/cjs/loader.js:815:15)
    at Function.Module._load (internal/modules/cjs/loader.js:667:27)
    at Module.require (internal/modules/cjs/loader.js:887:19)
    at require (internal/modules/cjs/helpers.js:74:18)
    at Object.<anonymous> (/home/dm64056/repositories/whitebophirfor/server/boardData.js:32:12)
    at Module._compile (internal/modules/cjs/loader.js:999:30)
    at Object.Module._extensions..js (internal/modules/cjs/loader.js:1027:10)
    at Module.load (internal/modules/cjs/loader.js:863:32)
    at Function.Module._load (internal/modules/cjs/loader.js:708:14)
    at Module.require (internal/modules/cjs/loader.js:887:19) {
  code: 'MODULE_NOT_FOUND',
  requireStack: [
    '/home/dm64056/repositories/whitebophirfor/server/boardData.js',
    '/home/dm64056/repositories/whitebophirfor/server/sockets.js',
    '/home/dm64056/repositories/whitebophirfor/server/server.js',
    '/usr/local/lsws/fcgi-bin/lsnode.js'
  ]
}
Exception ignored in: <_io.TextIOWrapper name='<stdout>' mode='w' encoding='utf-8'>
BrokenPipeError: [Errno 32] Broken pipe
(node:370227) UnhandledPromiseRejectionWarning: TypeError: stream.Readable.from is not a function
    at Object.streamPolyfillSource (/home/dm67298/nodevenv/repositories/wbo/11/lib/node_modules/polyfill-library/lib/sources.js:87:26)
    at Promise.all.then (/home/dm67298/nodevenv/repositories/wbo/11/lib/node_modules/polyfill-library/lib/index.js:343:16)
    at processTicksAndRejections (internal/process/task_queues.js:86:5)
(node:370227) UnhandledPromiseRejectionWarning: Unhandled promise rejection. This error originated either by throwing inside of an async function without a catch block, or by rejecting a promise which was not handled with .catch(). (rejection id: 1)
(node:370227) [DEP0018] DeprecationWarning: Unhandled promise rejections are deprecated. In the future, promise rejections that are not handled will terminate the Node.js process with a non-zero exit code.
(node:435274) UnhandledPromiseRejectionWarning: TypeError: stream.Readable.from is not a function
    at Object.streamPolyfillSource (/home/dm67298/nodevenv/repositories/wbo/11/lib/node_modules/polyfill-library/lib/sources.js:87:26)
    at Promise.all.then (/home/dm67298/nodevenv/repositories/wbo/11/lib/node_modules/polyfill-library/lib/index.js:343:16)
    at processTicksAndRejections (internal/process/task_queues.js:86:5)
(node:435274) UnhandledPromiseRejectionWarning: Unhandled promise rejection. This error originated either by throwing inside of an async function without a catch block, or by rejecting a promise which was not handled with .catch(). (rejection id: 1)
(node:435274) [DEP0018] DeprecationWarning: Unhandled promise rejections are deprecated. In the future, promise rejections that are not handled will terminate the Node.js process with a non-zero exit code.
(node:3254086) UnhandledPromiseRejectionWarning: Error: Invalid message: 
    at saveHistory (/home/dm67481/repositories/white/server/sockets.js:217:24)
    at processTicksAndRejections (internal/process/task_queues.js:86:5)
(node:3254086) UnhandledPromiseRejectionWarning: Unhandled promise rejection. This error originated either by throwing inside of an async function without a catch block, or by rejecting a promise which was not handled with .catch(). (rejection id: 1)
(node:3254086) [DEP0018] DeprecationWarning: Unhandled promise rejections are deprecated. In the future, promise rejections that are not handled will terminate the Node.js process with a non-zero exit code.
